<?xml version="1.0" encoding="UTF-8"?>
<!-- Generated by org.testng.reporters.JUnitReportReporter -->
<testsuite hostname="DESKTOP-PN0RVR2" name="test.CrossB" tests="2" failures="0" timestamp="29 Sep 2020 04:05:39 GMT" time="14.634" errors="0">
  <testcase name="demo" time="7.269" classname="test.CrossB"/>
  <testcase name="demo" time="7.365" classname="test.CrossB"/>
</testsuite> <!-- test.CrossB -->
